[debug] [2020-09-20T22:52:15.173Z] ----------------------------------------------------------------------
[debug] [2020-09-20T22:52:15.176Z] Command:       C:\Program Files\nodejs\node.exe C:\Users\User\AppData\Roaming\npm\node_modules\firebase-tools\lib\bin\firebase.js deploy -p dist/prime-tech
[debug] [2020-09-20T22:52:15.177Z] CLI Version:   8.10.0
[debug] [2020-09-20T22:52:15.177Z] Platform:      win32
[debug] [2020-09-20T22:52:15.177Z] Node Version:  v12.18.4
[debug] [2020-09-20T22:52:15.178Z] Time:          Sun Sep 20 2020 23:52:15 GMT+0100 (West Africa Standard Time)
[debug] [2020-09-20T22:52:15.179Z] ----------------------------------------------------------------------
[debug] [2020-09-20T22:52:15.179Z] 
[debug] [2020-09-20T22:52:15.189Z] > command requires scopes: ["email","openid","https://www.googleapis.com/auth/cloudplatformprojects.readonly","https://www.googleapis.com/auth/firebase","https://www.googleapis.com/auth/cloud-platform"]
[debug] [2020-09-20T22:52:15.190Z] > authorizing via signed-in user
[debug] [2020-09-20T22:52:15.190Z] [iam] checking project prime-tech-65012 for permissions ["firebase.projects.get","firebasehosting.sites.update"]
[debug] [2020-09-20T22:52:15.194Z] > refreshing access token with scopes: ["email","https://www.googleapis.com/auth/cloud-platform","https://www.googleapis.com/auth/cloudplatformprojects.readonly","https://www.googleapis.com/auth/firebase","openid"]
[debug] [2020-09-20T22:52:15.195Z] >>> HTTP REQUEST POST https://www.googleapis.com/oauth2/v3/token  
 <request body omitted>
[debug] [2020-09-20T22:52:36.278Z] [iam] error while checking permissions, command may fail: FirebaseError: Authentication Error: Your credentials are no longer valid. Please run firebase login --reauth

For CI servers and headless environments, generate a new token with firebase login:ci
[debug] [2020-09-20T22:52:36.279Z] > refreshing access token with scopes: ["email","https://www.googleapis.com/auth/cloud-platform","https://www.googleapis.com/auth/cloudplatformprojects.readonly","https://www.googleapis.com/auth/firebase","openid"]
[debug] [2020-09-20T22:52:36.280Z] >>> HTTP REQUEST POST https://www.googleapis.com/oauth2/v3/token  
 <request body omitted>
[debug] [2020-09-20T22:52:36.777Z] <<< HTTP RESPONSE 200 {"content-type":"application/json; charset=utf-8","vary":"X-Origin, Referer, Origin,Accept-Encoding","date":"Sun, 20 Sep 2020 22:52:37 GMT","server":"scaffolding on HTTPServer2","cache-control":"private","x-xss-protection":"0","x-frame-options":"SAMEORIGIN","x-content-type-options":"nosniff","alt-svc":"h3-Q050=\":443\"; ma=2592000,h3-29=\":443\"; ma=2592000,h3-27=\":443\"; ma=2592000,h3-T051=\":443\"; ma=2592000,h3-T050=\":443\"; ma=2592000,h3-Q046=\":443\"; ma=2592000,h3-Q043=\":443\"; ma=2592000,quic=\":443\"; ma=2592000; v=\"46,43\"","accept-ranges":"none","transfer-encoding":"chunked"}
[debug] [2020-09-20T22:52:36.856Z] >>> HTTP REQUEST GET https://firebase.googleapis.com/v1beta1/projects/prime-tech-65012  
 
[debug] [2020-09-20T22:52:37.512Z] <<< HTTP RESPONSE 200 {"content-type":"application/json; charset=UTF-8","vary":"X-Origin, Referer, Origin,Accept-Encoding","date":"Sun, 20 Sep 2020 22:52:37 GMT","server":"ESF","cache-control":"private","x-xss-protection":"0","x-frame-options":"SAMEORIGIN","x-content-type-options":"nosniff","alt-svc":"h3-Q050=\":443\"; ma=2592000,h3-29=\":443\"; ma=2592000,h3-27=\":443\"; ma=2592000,h3-T051=\":443\"; ma=2592000,h3-T050=\":443\"; ma=2592000,h3-Q046=\":443\"; ma=2592000,h3-Q043=\":443\"; ma=2592000,quic=\":443\"; ma=2592000; v=\"46,43\"","accept-ranges":"none","transfer-encoding":"chunked"}
[info] 
[info] === Deploying to 'prime-tech-65012'...
[info] 
[info] i  deploying hosting 
[debug] [2020-09-20T22:52:37.539Z] >>> HTTP REQUEST POST https://firebasehosting.googleapis.com/v1beta1/sites/prime-tech-65012/versions  
 {"config":{"rewrites":[{"glob":"**","path":"/index.html"}]},"labels":{"deployment-tool":"cli-firebase"}}
[debug] [2020-09-20T22:52:59.315Z] Error: connect ETIMEDOUT 216.58.223.234:443
    at TCPConnectWrap.afterConnect [as oncomplete] (net.js:1141:16)
[error] 
[error] Error: Server Error. connect ETIMEDOUT 216.58.223.234:443
